Using pre-set license
Built from '2021.1/staging' branch; Version is '2021.1.0b4 (6d90c0720bd4) revision 7180480'; Using compiler version '192528614'; Build Type 'Release'
OS: 'Windows 10 Pro; OS build 18363.1316; Version 1909; 64bit' Language: 'en' Physical Memory: 16315 MB
BatchMode: 1, IsHumanControllingUs: 0, StartBugReporterOnCrash: 0, Is64bit: 1, IsPro: 0

 COMMAND LINE ARGUMENTS:
C:\Program Files\2021.1.0b4\Editor\Unity.exe
-adb2
-batchMode
-noUpm
-name
AssetImportWorker0
-projectPath
D:/Projects/GGJ2021/GGJ2021/GlobalGameJam2021
-logFile
Logs/AssetImportWorker0.log
-srvPort
61154
Successfully changed project path to: D:/Projects/GGJ2021/GGJ2021/GlobalGameJam2021
D:/Projects/GGJ2021/GGJ2021/GlobalGameJam2021
Using Asset Import Pipeline V2.
Refreshing native plugins compatible for Editor in 39.46 ms, found 0 plugins.
Preloading 0 native plugins for Editor in 0.00 ms.
Initialize engine version: 2021.1.0b4 (6d90c0720bd4)
[Subsystems] Discovering subsystems at path C:/Program Files/2021.1.0b4/Editor/Data/Resources/UnitySubsystems
[Subsystems] Discovering subsystems at path D:/Projects/GGJ2021/GGJ2021/GlobalGameJam2021/Assets
GfxDevice: creating device client; threaded=0; jobified=0
Direct3D:
    Version:  Direct3D 11.0 [level 11.0]
    Renderer: NVIDIA GeForce GTX 670 (ID=0x1189)
    Vendor:   NVIDIA
    VRAM:     2007 MB
    Driver:   27.21.14.6109
Shader 'Universal Render Pipeline/Particles/Lit': fallback shader 'Universal Render Pipeline/Particles/SimpleLit' not found
Initialize mono
Mono path[0] = 'C:/Program Files/2021.1.0b4/Editor/Data/Managed'
Mono path[1] = 'C:/Program Files/2021.1.0b4/Editor/Data/MonoBleedingEdge/lib/mono/unityjit'
Mono config path = 'C:/Program Files/2021.1.0b4/Editor/Data/MonoBleedingEdge/etc'
Using monoOptions --debugger-agent=transport=dt_socket,embedding=1,server=y,suspend=n,address=127.0.0.1:56908
Begin MonoManager ReloadAssembly
Registering precompiled unity dll's ...
Register platform support module: C:/Program Files/2021.1.0b4/Editor/Data/PlaybackEngines/WebGLSupport/UnityEditor.WebGL.Extensions.dll
Register platform support module: C:/Program Files/2021.1.0b4/Editor/Data/PlaybackEngines/WindowsStandaloneSupport/UnityEditor.WindowsStandalone.Extensions.dll
Registered in 0.001904 seconds.
Native extension for WindowsStandalone target not found
Native extension for WebGL target not found
Refreshing native plugins compatible for Editor in 43.29 ms, found 0 plugins.
Preloading 0 native plugins for Editor in 0.00 ms.
Mono: successfully reloaded assembly
- Completed reload, in  0.969 seconds
Platform modules already initialized, skipping
Registering precompiled user dll's ...
Registered in 0.000451 seconds.
Begin MonoManager ReloadAssembly
Native extension for WindowsStandalone target not found
Native extension for WebGL target not found
Refreshing native plugins compatible for Editor in 41.08 ms, found 0 plugins.
Preloading 0 native plugins for Editor in 0.00 ms.
Mono: successfully reloaded assembly
- Completed reload, in  0.810 seconds
Platform modules already initialized, skipping
========================================================================
Worker process is ready to serve import requests
Shader 'Universal Render Pipeline/Particles/Lit': fallback shader 'Universal Render Pipeline/Particles/SimpleLit' not found
Launched and connected shader compiler UnityShaderCompiler.exe after 0.03 seconds
Refreshing native plugins compatible for Editor in 0.41 ms, found 0 plugins.
Preloading 0 native plugins for Editor in 0.00 ms.
Unloading 2389 Unused Serialized files (Serialized files now loaded: 0)
System memory in use before: 243.5 MB.
System memory in use after: 243.7 MB.

Unloading 9 unused Assets to reduce memory usage. Loaded Objects now: 2846.
Total: 2.639500 ms (FindLiveObjects: 0.456700 ms CreateObjectMapping: 0.099700 ms MarkObjects: 2.000400 ms  DeleteObjects: 0.081000 ms)

========================================================================
Received Import Request.
  path: Assets/Prefabs/DestinationBank.prefab
  artifactKey: Guid(1b313ca288df4334daf88d48f8dec317) Importer(815301076,1909f56bfc062723c751e8b465ee728b)
Start importing Assets/Prefabs/DestinationBank.prefab using Guid(1b313ca288df4334daf88d48f8dec317) Importer(815301076,1909f56bfc062723c751e8b465ee728b)  -> (artifact id: '6cf9016a2b4b8e5bb3a54e39f0a09399') in 0.080680 seconds 
========================================================================
Received Import Request.
  Time since last request: 0.011536 seconds.
  path: Assets/Prefabs/SidewalkParent.prefab
  artifactKey: Guid(b17651d8698f49f458f885cb1b533ecf) Importer(815301076,1909f56bfc062723c751e8b465ee728b)
Start importing Assets/Prefabs/SidewalkParent.prefab using Guid(b17651d8698f49f458f885cb1b533ecf) Importer(815301076,1909f56bfc062723c751e8b465ee728b)  -> (artifact id: '9609d477a10780f3117a10d3c1a9005f') in 0.013200 seconds 
========================================================================
Received Import Request.
  Time since last request: 0.012239 seconds.
  path: Assets/Prefabs/DestinationBank (2).prefab
  artifactKey: Guid(44c39dfecf8e5d845b955d2e3f6cf7ee) Importer(815301076,1909f56bfc062723c751e8b465ee728b)
Start importing Assets/Prefabs/DestinationBank (2).prefab using Guid(44c39dfecf8e5d845b955d2e3f6cf7ee) Importer(815301076,1909f56bfc062723c751e8b465ee728b)  -> (artifact id: '6dae4663705ba4d88eb2bfb30c4969f3') in 0.013686 seconds 
========================================================================
Received Import Request.
  Time since last request: 0.011625 seconds.
  path: Assets/Prefabs/DestinationBank (1).prefab
  artifactKey: Guid(3fc8d99e4bdcdc044b7e9353ed3fd047) Importer(815301076,1909f56bfc062723c751e8b465ee728b)
Start importing Assets/Prefabs/DestinationBank (1).prefab using Guid(3fc8d99e4bdcdc044b7e9353ed3fd047) Importer(815301076,1909f56bfc062723c751e8b465ee728b)  -> (artifact id: '779c7f57eee2848717d836bd457c1fe6') in 0.014483 seconds 
========================================================================
Received Import Request.
  Time since last request: 0.012731 seconds.
  path: Assets/Prefabs/StreetLabel.prefab
  artifactKey: Guid(235ae996da110de409c677b5d23c1fd2) Importer(815301076,1909f56bfc062723c751e8b465ee728b)
Start importing Assets/Prefabs/StreetLabel.prefab using Guid(235ae996da110de409c677b5d23c1fd2) Importer(815301076,1909f56bfc062723c751e8b465ee728b)  -> (artifact id: '9cb2d4873d3c3cebd115bac5c0a4d413') in 0.049192 seconds 
========================================================================
Received Import Request.
  Time since last request: 0.011490 seconds.
  path: Assets/Prefabs/GameSession.prefab
  artifactKey: Guid(79083bd6aa10a324f841f664fe6a41f2) Importer(815301076,1909f56bfc062723c751e8b465ee728b)
Start importing Assets/Prefabs/GameSession.prefab using Guid(79083bd6aa10a324f841f664fe6a41f2) Importer(815301076,1909f56bfc062723c751e8b465ee728b)  -> (artifact id: '50ddb090db456bbec6d0a00a227a80ee') in 0.006686 seconds 
========================================================================
Received Import Request.
  Time since last request: 0.010774 seconds.
  path: Assets/Prefabs/BuildingParent.prefab
  artifactKey: Guid(383148a16844b734489c6f9528877c9f) Importer(815301076,1909f56bfc062723c751e8b465ee728b)
Start importing Assets/Prefabs/BuildingParent.prefab using Guid(383148a16844b734489c6f9528877c9f) Importer(815301076,1909f56bfc062723c751e8b465ee728b)  -> (artifact id: '99dea527da56af022b2c57c14ff67f95') in 0.013217 seconds 
========================================================================
Received Import Request.
  Time since last request: 0.010814 seconds.
  path: Assets/Prefabs/DestinationBank (4).prefab
  artifactKey: Guid(5a8e48b968e8ed545baa090e523bb6b4) Importer(815301076,1909f56bfc062723c751e8b465ee728b)
Start importing Assets/Prefabs/DestinationBank (4).prefab using Guid(5a8e48b968e8ed545baa090e523bb6b4) Importer(815301076,1909f56bfc062723c751e8b465ee728b)  -> (artifact id: 'f39405ca3f90cd93d0eeb7fc4bd03bba') in 0.016160 seconds 
========================================================================
Received Import Request.
  Time since last request: 0.011088 seconds.
  path: Assets/Prefabs/DestinationBank (3).prefab
  artifactKey: Guid(4ac0a948c6f93a641a2907f55b6e0b38) Importer(815301076,1909f56bfc062723c751e8b465ee728b)
Start importing Assets/Prefabs/DestinationBank (3).prefab using Guid(4ac0a948c6f93a641a2907f55b6e0b38) Importer(815301076,1909f56bfc062723c751e8b465ee728b)  -> (artifact id: 'a0a59c3ae24b495ac7670cc4e6df1411') in 0.011983 seconds 
========================================================================
Received Import Request.
  Time since last request: 29.578678 seconds.
  path: Assets/Scenes/SampleScene.unity
  artifactKey: Guid(9fc0d4010bbf28b4594072e72b8655ab) Importer(815301076,1909f56bfc062723c751e8b465ee728b)
Start importing Assets/Scenes/SampleScene.unity using Guid(9fc0d4010bbf28b4594072e72b8655ab) Importer(815301076,1909f56bfc062723c751e8b465ee728b)  -> (artifact id: '7920d352410b774bf7d7a2f85ce9aa36') in 0.005045 seconds 
========================================================================
Received Import Request.
  Time since last request: 8.897862 seconds.
  path: Assets/Scenes/Kelsey_Sandbox.unity
  artifactKey: Guid(71edf67aff9daf64b87a4563c40275a7) Importer(815301076,1909f56bfc062723c751e8b465ee728b)
Start importing Assets/Scenes/Kelsey_Sandbox.unity using Guid(71edf67aff9daf64b87a4563c40275a7) Importer(815301076,1909f56bfc062723c751e8b465ee728b)  -> (artifact id: 'fee1f3a12d391561c45be83231139ebf') in 0.005704 seconds 
AssetImportWorkerClient::OnTransportError - code=2 error=End of file
